{"level":"info","message":"Server is running on port 3000","timestamp":"2025-01-23T13:08:12.302Z"}
{"fileNames":["ExampleCSV-3.csv","ExampleCSV-2.csv"],"level":"info","message":"Files uploaded successfully","timestamp":"2025-01-23T13:12:09.705Z"}
{"level":"info","message":"Server is running on port 3000","timestamp":"2025-01-23T13:16:46.875Z"}
{"fileNames":["ExampleCSV-3.csv","ExampleCSV-2.csv"],"level":"info","message":"Files uploaded successfully","timestamp":"2025-01-23T13:17:12.936Z"}
{"added":2,"level":"info","message":"CSV comparison completed","modified":0,"removed":0,"timestamp":"2025-01-23T13:17:12.967Z","unchanged":3}
{"level":"info","message":"Files compared successfully","timestamp":"2025-01-23T13:17:12.968Z"}
{"level":"info","message":"Server is running on port 3000","timestamp":"2025-01-23T13:21:07.020Z"}
{"fileNames":["ExampleCSV-3.csv","ExampleCSV-2.csv"],"level":"info","message":"Files uploaded successfully","timestamp":"2025-01-23T13:21:29.711Z"}
{"added":2,"level":"info","message":"CSV comparison completed","modified":0,"removed":0,"timestamp":"2025-01-23T13:21:29.742Z","unchanged":3}
{"level":"info","message":"Files compared successfully","timestamp":"2025-01-23T13:21:29.742Z"}
{"count":1,"level":"info","message":"Changes approved successfully","timestamp":"2025-01-23T13:21:38.213Z"}
{"level":"info","message":"Server is running on port 3000","timestamp":"2025-01-23T13:25:26.527Z"}
{"level":"info","message":"Server is running on port 3000","timestamp":"2025-01-23T13:26:26.547Z"}
{"level":"info","message":"Server is running on port 3000","timestamp":"2025-01-23T13:37:15.207Z"}
{"fileNames":["ExampleCSV-3.csv","ExampleCSV-2.csv"],"level":"info","message":"Files uploaded successfully","timestamp":"2025-01-23T13:37:30.155Z"}
{"added":2,"level":"info","message":"CSV comparison completed","modified":0,"removed":0,"timestamp":"2025-01-23T13:37:30.183Z","unchanged":3}
{"level":"info","message":"Files compared successfully","timestamp":"2025-01-23T13:37:30.184Z"}
{"count":1,"level":"info","message":"Changes approved successfully","timestamp":"2025-01-23T13:37:48.323Z"}
{"count":2,"level":"info","message":"Changes approved successfully","timestamp":"2025-01-23T13:38:26.035Z"}
{"fileNames":["ExampleCSV-3.csv","ExampleCSV-2.csv"],"level":"info","message":"Files uploaded successfully","timestamp":"2025-01-23T13:41:48.835Z"}
{"added":2,"level":"info","message":"CSV comparison completed","modified":0,"removed":0,"timestamp":"2025-01-23T13:41:48.848Z","unchanged":3}
{"level":"info","message":"Files compared successfully","timestamp":"2025-01-23T13:41:48.848Z"}
{"count":2,"level":"info","message":"Changes approved successfully","timestamp":"2025-01-23T13:42:11.288Z"}
{"level":"info","message":"Server is running on port 3000","timestamp":"2025-01-23T13:43:53.916Z"}
{"level":"info","message":"Server is running on port 3000","timestamp":"2025-01-23T13:44:46.681Z"}
{"level":"info","message":"Server is running on port 3000","timestamp":"2025-01-23T13:49:20.990Z"}
{"level":"info","message":"Server is running on port 3000","timestamp":"2025-01-26T09:12:02.640Z"}
{"level":"info","message":"Server is running on port 3000","timestamp":"2025-01-26T09:37:28.307Z"}
{"level":"info","message":"Server is running on port 3000","timestamp":"2025-01-26T09:50:15.539Z"}
{"level":"info","message":"Server is running on port 3000","timestamp":"2025-01-26T09:56:31.807Z"}
{"level":"info","message":"Server is running on port 3000","timestamp":"2025-01-27T06:09:00.389Z"}
