{"files":[{"filename":"1737640186235-721775491.csv","originalName":"ExampleCSV-3.csv","size":58},{"filename":"1737640186236-907143225.csv","originalName":"ExampleCSV-2.csv","size":96}],"level":"info","message":"Files uploaded successfully","timestamp":"2025-01-23T13:49:46.239Z"}
{"file1":"1737640186235-721775491.csv","file2":"1737640186236-907143225.csv","level":"info","message":"Files compared successfully","stats":{"added":2,"modified":0,"removed":0,"unchanged":3},"timestamp":"2025-01-23T13:49:46.275Z"}
{"count":2,"level":"info","message":"Changes approved successfully","timestamp":"2025-01-23T13:49:53.298Z"}
{"file1":"1737640186235-721775491.csv","file2":"1737640186236-907143225.csv","level":"info","message":"Data exported successfully","timestamp":"2025-01-23T13:49:55.156Z","type":"full"}
{"files":[{"filename":"1737647248061-664486167.csv","originalName":"ExampleCSV-3.csv","size":58},{"filename":"1737647248062-305479294.csv","originalName":"ExampleCSV-2.csv","size":96}],"level":"info","message":"Files uploaded successfully","timestamp":"2025-01-23T15:47:28.075Z"}
{"file1":"1737647248061-664486167.csv","file2":"1737647248062-305479294.csv","level":"info","message":"Files compared successfully","stats":{"added":2,"modified":0,"removed":0,"unchanged":3},"timestamp":"2025-01-23T15:47:28.097Z"}
{"count":2,"level":"info","message":"Changes approved successfully","timestamp":"2025-01-23T15:47:40.641Z"}
{"file1":"1737647248061-664486167.csv","file2":"1737647248062-305479294.csv","level":"info","message":"Data exported successfully","timestamp":"2025-01-23T15:47:45.634Z","type":"full"}
{"files":[{"filename":"1737883538697-862645099.csv","originalName":"base.csv","size":3210},{"filename":"1737883538700-823875383.csv","originalName":"updated.csv","size":3148}],"level":"info","message":"Files uploaded successfully","timestamp":"2025-01-26T09:25:38.707Z"}
{"file1":"1737883538697-862645099.csv","file2":"1737883538700-823875383.csv","level":"info","message":"Files compared successfully","stats":{"added":5,"modified":36,"removed":6,"unchanged":8},"timestamp":"2025-01-26T09:25:38.794Z"}
{"files":[{"filename":"1737884027724-433382199.csv","originalName":"base.csv","size":3210},{"filename":"1737884027726-190888470.csv","originalName":"updated.csv","size":3148}],"level":"info","message":"Files uploaded successfully","timestamp":"2025-01-26T09:33:47.727Z"}
{"file1":"1737884027724-433382199.csv","file2":"1737884027726-190888470.csv","level":"info","message":"Files compared successfully","stats":{"added":5,"modified":36,"removed":6,"unchanged":8},"timestamp":"2025-01-26T09:33:47.740Z"}
{"files":[{"filename":"1737884350727-479871358.csv","originalName":"base.csv","size":3210},{"filename":"1737884350729-667827376.csv","originalName":"updated.csv","size":3148}],"level":"info","message":"Files uploaded successfully","timestamp":"2025-01-26T09:39:10.735Z"}
{"file1":"1737884350727-479871358.csv","file2":"1737884350729-667827376.csv","level":"info","message":"Files compared successfully","stats":{"added":5,"modified":36,"removed":6,"unchanged":8},"timestamp":"2025-01-26T09:39:10.758Z"}
{"files":[{"filename":"1737884391814-340640369.csv","originalName":"base.csv","size":3210},{"filename":"1737884391815-665987771.csv","originalName":"updated.csv","size":3148}],"level":"info","message":"Files uploaded successfully","timestamp":"2025-01-26T09:39:51.822Z"}
{"file1":"1737884391814-340640369.csv","file2":"1737884391815-665987771.csv","level":"info","message":"Files compared successfully","stats":{"added":5,"modified":36,"removed":6,"unchanged":8},"timestamp":"2025-01-26T09:39:51.828Z"}
{"files":[{"filename":"1737885025986-256492488.csv","originalName":"base.csv","size":3210},{"filename":"1737885025987-843569849.csv","originalName":"updated.csv","size":3148}],"level":"info","message":"Files uploaded successfully","timestamp":"2025-01-26T09:50:25.991Z"}
{"file1":"1737885025986-256492488.csv","file2":"1737885025987-843569849.csv","level":"info","message":"Files compared successfully","stats":{"added":5,"modified":36,"removed":6,"unchanged":8},"timestamp":"2025-01-26T09:50:26.027Z"}
{"files":[{"filename":"1737885306531-900341682.csv","originalName":"base.csv","size":3210},{"filename":"1737885306532-315525577.csv","originalName":"updated.csv","size":3148}],"level":"info","message":"Files uploaded successfully","timestamp":"2025-01-26T09:55:06.540Z"}
{"file1":"1737885306531-900341682.csv","file2":"1737885306532-315525577.csv","level":"info","message":"Files compared successfully","stats":{"added":5,"modified":36,"removed":6,"unchanged":8},"timestamp":"2025-01-26T09:55:06.558Z"}
{"files":[{"filename":"1737885325484-616392871.csv","originalName":"base.csv","size":3210},{"filename":"1737885325485-600500862.csv","originalName":"updated.csv","size":3148}],"level":"info","message":"Files uploaded successfully","timestamp":"2025-01-26T09:55:25.486Z"}
{"file1":"1737885325484-616392871.csv","file2":"1737885325485-600500862.csv","level":"info","message":"Files compared successfully","stats":{"added":5,"modified":36,"removed":6,"unchanged":8},"timestamp":"2025-01-26T09:55:25.506Z"}
{"files":[{"filename":"1737885408609-885190966.csv","originalName":"base.csv","size":3210},{"filename":"1737885408610-841063953.csv","originalName":"updated.csv","size":3148}],"level":"info","message":"Files uploaded successfully","timestamp":"2025-01-26T09:56:48.613Z"}
{"file1":"1737885408609-885190966.csv","file2":"1737885408610-841063953.csv","level":"info","message":"Files compared successfully","stats":{"added":5,"modified":36,"removed":6,"unchanged":8},"timestamp":"2025-01-26T09:56:48.644Z"}
{"files":[{"filename":"1737885560518-776018733.csv","originalName":"base.csv","size":3210},{"filename":"1737885560519-71455123.csv","originalName":"updated.csv","size":3148}],"level":"info","message":"Files uploaded successfully","timestamp":"2025-01-26T09:59:20.521Z"}
{"file1":"1737885560518-776018733.csv","file2":"1737885560519-71455123.csv","level":"info","message":"Files compared successfully","stats":{"added":5,"modified":36,"removed":6,"unchanged":8},"timestamp":"2025-01-26T09:59:20.533Z"}
{"count":47,"level":"info","message":"Changes approved successfully","timestamp":"2025-01-26T09:59:40.360Z"}
{"file1":"1737885560518-776018733.csv","file2":"1737885560519-71455123.csv","level":"info","message":"Data exported successfully","timestamp":"2025-01-26T09:59:43.254Z","type":"full"}
{"files":[{"filename":"1737885944091-672169265.csv","originalName":"base.csv","size":3210},{"filename":"1737885944092-59131467.csv","originalName":"updated.csv","size":3148}],"level":"info","message":"Files uploaded successfully","timestamp":"2025-01-26T10:05:44.096Z"}
{"file1":"1737885944091-672169265.csv","file2":"1737885944092-59131467.csv","level":"info","message":"Files compared successfully","stats":{"added":5,"modified":36,"removed":6,"unchanged":8},"timestamp":"2025-01-26T10:05:44.112Z"}
